# JRE version: OpenJDK Runtime Environment (8.0_342-b07) (build 1.8.0_342-b07)
# Java VM: OpenJDK 64-Bit Server VM (25.342-b07 mixed mode windows-amd64 compressed oops)
Heap:
 PSYoungGen      total 159744K, used 83289K [0x00000000f5580000, 0x0000000100000000, 0x0000000100000000)
  eden space 144896K, 57% used [0x00000000f5580000,0x00000000fa6d6530,0x00000000fe300000)
  from space 14848K, 0% used [0x00000000fe300000,0x00000000fe300000,0x00000000ff180000)
  to   space 14848K, 0% used [0x00000000ff180000,0x00000000ff180000,0x0000000100000000)
 ParOldGen       total 252928K, used 37882K [0x00000000e0000000, 0x00000000ef700000, 0x00000000f5580000)
  object space 252928K, 14% used [0x00000000e0000000,0x00000000e24fe9a0,0x00000000ef700000)
 Metaspace       used 56949K, capacity 60662K, committed 60888K, reserved 1101824K
  class space    used 8262K, capacity 8955K, committed 8960K, reserved 1048576K
GC Heap History (10 events):
Event: 4.754 GC heap before
{Heap before GC invocations=8 (full 2):
 PSYoungGen      total 160768K, used 8886K [0x00000000f5580000, 0x0000000100000000, 0x0000000100000000)
  eden space 146432K, 0% used [0x00000000f5580000,0x00000000f5580000,0x00000000fe480000)
  from space 14336K, 61% used [0x00000000ff200000,0x00000000ffaad9a0,0x0000000100000000)
  to   space 13824K, 0% used [0x00000000fe480000,0x00000000fe480000,0x00000000ff200000)
 ParOldGen       total 175104K, used 12149K [0x00000000e0000000, 0x00000000eab00000, 0x00000000f5580000)
  object space 175104K, 6% used [0x00000000e0000000,0x00000000e0bdd7e8,0x00000000eab00000)
 Metaspace       used 33910K, capacity 35332K, committed 35456K, reserved 1079296K
  class space    used 4835K, capacity 5127K, committed 5248K, reserved 1048576K
Event: 4.821 GC heap after
Heap after GC invocations=8 (full 2):
 PSYoungGen      total 160768K, used 0K [0x00000000f5580000, 0x0000000100000000, 0x0000000100000000)
  eden space 146432K, 0% used [0x00000000f5580000,0x00000000f5580000,0x00000000fe480000)
  from space 14336K, 0% used [0x00000000ff200000,0x00000000ff200000,0x0000000100000000)
  to   space 13824K, 0% used [0x00000000fe480000,0x00000000fe480000,0x00000000ff200000)
 ParOldGen       total 175104K, used 16399K [0x00000000e0000000, 0x00000000eab00000, 0x00000000f5580000)
  object space 175104K, 9% used [0x00000000e0000000,0x00000000e1003de0,0x00000000eab00000)
 Metaspace       used 33910K, capacity 35332K, committed 35456K, reserved 1079296K
  class space    used 4835K, capacity 5127K, committed 5248K, reserved 1048576K
}
Event: 6.162 GC heap before
{Heap before GC invocations=9 (full 2):
 PSYoungGen      total 160768K, used 146432K [0x00000000f5580000, 0x0000000100000000, 0x0000000100000000)
  eden space 146432K, 100% used [0x00000000f5580000,0x00000000fe480000,0x00000000fe480000)
  from space 14336K, 0% used [0x00000000ff200000,0x00000000ff200000,0x0000000100000000)
  to   space 13824K, 0% used [0x00000000fe480000,0x00000000fe480000,0x00000000ff200000)
 ParOldGen       total 175104K, used 16399K [0x00000000e0000000, 0x00000000eab00000, 0x00000000f5580000)
  object space 175104K, 9% used [0x00000000e0000000,0x00000000e1003de0,0x00000000eab00000)
 Metaspace       used 40280K, capacity 42348K, committed 42496K, reserved 1085440K
  class space    used 5754K, capacity 6138K, committed 6144K, reserved 1048576K
Event: 6.170 GC heap after
Heap after GC invocations=9 (full 2):
 PSYoungGen      total 155648K, used 9012K [0x00000000f5580000, 0x00000000ffe80000, 0x0000000100000000)
  eden space 146432K, 0% used [0x00000000f5580000,0x00000000f5580000,0x00000000fe480000)
  from space 9216K, 97% used [0x00000000fe480000,0x00000000fed4d080,0x00000000fed80000)
  to   space 13312K, 0% used [0x00000000ff180000,0x00000000ff180000,0x00000000ffe80000)
 ParOldGen       total 175104K, used 16399K [0x00000000e0000000, 0x00000000eab00000, 0x00000000f5580000)
  object space 175104K, 9% used [0x00000000e0000000,0x00000000e1003de0,0x00000000eab00000)
 Metaspace       used 40280K, capacity 42348K, committed 42496K, reserved 1085440K
  class space    used 5754K, capacity 6138K, committed 6144K, reserved 1048576K
}
Event: 7.131 GC heap before
{Heap before GC invocations=10 (full 2):
 PSYoungGen      total 155648K, used 155444K [0x00000000f5580000, 0x00000000ffe80000, 0x0000000100000000)
  eden space 146432K, 100% used [0x00000000f5580000,0x00000000fe480000,0x00000000fe480000)
  from space 9216K, 97% used [0x00000000fe480000,0x00000000fed4d080,0x00000000fed80000)
  to   space 13312K, 0% used [0x00000000ff180000,0x00000000ff180000,0x00000000ffe80000)
 ParOldGen       total 175104K, used 16399K [0x00000000e0000000, 0x00000000eab00000, 0x00000000f5580000)
  object space 175104K, 9% used [0x00000000e0000000,0x00000000e1003de0,0x00000000eab00000)
 Metaspace       used 45169K, capacity 47876K, committed 48128K, reserved 1089536K
  class space    used 6540K, capacity 7065K, committed 7168K, reserved 1048576K
Event: 7.151 GC heap after
Heap after GC invocations=10 (full 2):
 PSYoungGen      total 158208K, used 13305K [0x00000000f5580000, 0x0000000100000000, 0x0000000100000000)
  eden space 144896K, 0% used [0x00000000f5580000,0x00000000f5580000,0x00000000fe300000)
  from space 13312K, 99% used [0x00000000ff180000,0x00000000ffe7e560,0x00000000ffe80000)
  to   space 14848K, 0% used [0x00000000fe300000,0x00000000fe300000,0x00000000ff180000)
 ParOldGen       total 175104K, used 16878K [0x00000000e0000000, 0x00000000eab00000, 0x00000000f5580000)
  object space 175104K, 9% used [0x00000000e0000000,0x00000000e107ba48,0x00000000eab00000)
 Metaspace       used 45169K, capacity 47876K, committed 48128K, reserved 1089536K
  class space    used 6540K, capacity 7065K, committed 7168K, reserved 1048576K
}
Event: 10.972 GC heap before
{Heap before GC invocations=11 (full 2):
 PSYoungGen      total 158208K, used 151457K [0x00000000f5580000, 0x0000000100000000, 0x0000000100000000)
  eden space 144896K, 95% used [0x00000000f5580000,0x00000000fdc6a080,0x00000000fe300000)
  from space 13312K, 99% used [0x00000000ff180000,0x00000000ffe7e560,0x00000000ffe80000)
  to   space 14848K, 0% used [0x00000000fe300000,0x00000000fe300000,0x00000000ff180000)
 ParOldGen       total 175104K, used 16878K [0x00000000e0000000, 0x00000000eab00000, 0x00000000f5580000)
  object space 175104K, 9% used [0x00000000e0000000,0x00000000e107ba48,0x00000000eab00000)
 Metaspace       used 55516K, capacity 58978K, committed 59096K, reserved 1099776K
  class space    used 8031K, capacity 8647K, committed 8704K, reserved 1048576K
Event: 10.992 GC heap after
Heap after GC invocations=11 (full 2):
 PSYoungGen      total 159744K, used 14840K [0x00000000f5580000, 0x0000000100000000, 0x0000000100000000)
  eden space 144896K, 0% used [0x00000000f5580000,0x00000000f5580000,0x00000000fe300000)
  from space 14848K, 99% used [0x00000000fe300000,0x00000000ff17e070,0x00000000ff180000)
  to   space 14848K, 0% used [0x00000000ff180000,0x00000000ff180000,0x0000000100000000)
 ParOldGen       total 175104K, used 25701K [0x00000000e0000000, 0x00000000eab00000, 0x00000000f5580000)
  object space 175104K, 14% used [0x00000000e0000000,0x00000000e19195b0,0x00000000eab00000)
 Metaspace       used 55516K, capacity 58978K, committed 59096K, reserved 1099776K
  class space    used 8031K, capacity 8647K, committed 8704K, reserved 1048576K
}
Event: 10.992 GC heap before
{Heap before GC invocations=12 (full 3):
 PSYoungGen      total 159744K, used 14840K [0x00000000f5580000, 0x0000000100000000, 0x0000000100000000)
  eden space 144896K, 0% used [0x00000000f5580000,0x00000000f5580000,0x00000000fe300000)
  from space 14848K, 99% used [0x00000000fe300000,0x00000000ff17e070,0x00000000ff180000)
  to   space 14848K, 0% used [0x00000000ff180000,0x00000000ff180000,0x0000000100000000)
 ParOldGen       total 175104K, used 25701K [0x00000000e0000000, 0x00000000eab00000, 0x00000000f5580000)
  object space 175104K, 14% used [0x00000000e0000000,0x00000000e19195b0,0x00000000eab00000)
 Metaspace       used 55516K, capacity 58978K, committed 59096K, reserved 1099776K
  class space    used 8031K, capacity 8647K, committed 8704K, reserved 1048576K
Event: 11.182 GC heap after
Heap after GC invocations=12 (full 3):
 PSYoungGen      total 159744K, used 0K [0x00000000f5580000, 0x0000000100000000, 0x0000000100000000)
  eden space 144896K, 0% used [0x00000000f5580000,0x00000000f5580000,0x00000000fe300000)
  from space 14848K, 0% used [0x00000000fe300000,0x00000000fe300000,0x00000000ff180000)
  to   space 14848K, 0% used [0x00000000ff180000,0x00000000ff180000,0x0000000100000000)
 ParOldGen       total 252928K, used 37882K [0x00000000e0000000, 0x00000000ef700000, 0x00000000f5580000)
  object space 252928K, 14% used [0x00000000e0000000,0x00000000e24fe9a0,0x00000000ef700000)
 Metaspace       used 55479K, capacity 58852K, committed 59096K, reserved 1099776K
  class space    used 8019K, capacity 8626K, committed 8704K, reserved 1048576K
}

